<?xml version="1.0" encoding="UTF-8"?>
<!-- Generated by org.testng.reporters.JUnitReportReporter -->
<testsuite name="Github.Integration.GithubIntegrationDemo" tests="1" time="0.011" ignored="0" failures="0" timestamp="08 May 2020 20:46:27 GMT" skipped="0" hostname="LAPTOP-LPNPORI3" errors="0">
  <testcase name="testcase" time="0.011" classname="Github.Integration.GithubIntegrationDemo"/>
</testsuite> <!-- Github.Integration.GithubIntegrationDemo -->
